<?xml version="1.0" encoding="UTF-8"?>
<!-- Generated by org.testng.reporters.JUnitReportReporter -->
<testsuite skipped="0" hostname="DESKTOP-8GG3GSI" name="com.automation.web.SwagLab" tests="1" failures="0" timestamp="27 May 2023 09:10:46 GMT" time="75.084" errors="0">
  <testcase name="SwagLabDemo" time="75.084" classname="com.automation.web.SwagLab"/>
</testsuite> <!-- com.automation.web.SwagLab -->
